./flags-v2 "That's all!" --likes running swimming --name shlChen --bvs 0 1 ON off OfF oN --sex 1 --weight 59.9 --fvs 1.0 2.0 3.0 --height 173.3 --odds 5 7 9 --dvs 2.12 2.13 --age 14

{'optionName': "likes", 'variableName': "flags_likes", 'varDefVal': [eat, sleep], 'varVal': [eat, sleep], 'description': "the likes", 'property': Optional, 'ArgType': STRING_VEC}
{'optionName': "name", 'variableName': "flags_name", 'varDefVal': "", 'varVal': "", 'description': "the name", 'property': Required, 'ArgType': STRING}
{'optionName': "bvs", 'variableName': "flags_boolVals", 'varDefVal': [1, 0], 'varVal': [1, 0], 'description': "the bool-type parameter(s)", 'property': Required, 'ArgType': BOOL_VEC}
{'optionName': "sex", 'variableName': "flags_sex", 'varDefVal': 1, 'varVal': 1, 'description': "the sex(male[1], female[0])", 'property': Required, 'ArgType': BOOL}
{'optionName': "weight", 'variableName': "flags_weight", 'varDefVal': 60, 'varVal': 60, 'description': "the weight", 'property': Optional, 'ArgType': DOUBLE}
{'optionName': "fvs", 'variableName': "flags_floatVals", 'varDefVal': [3.14, 2.71, 1.414], 'varVal': [3.14, 2.71, 1.414], 'description': "the float-type parameter(s)", 'property': Optional, 'ArgType': FLOAT_VEC}
{'optionName': "height", 'variableName': "flags_height", 'varDefVal': 174.5, 'varVal': 174.5, 'description': "the height", 'property': Optional, 'ArgType': FLOAT}
{'optionName': "odds", 'variableName': "flags_odds", 'varDefVal': [1, 3], 'varVal': [1, 3], 'description': "the odd number(s)", 'property': Optional, 'ArgType': INT_VEC}
{'optionName': "version", 'variableName': "null", 'value': "", 'description': "display the version of this program", 'property': Optional, 'ArgType': VERSION}
{'optionName': "__NOPT__", 'variableName': "flags_note", 'varDefVal': "hello, world", 'varVal': "hello, world", 'description': "a note", 'property': Optional, 'ArgType': STRING}
{'optionName': "dvs", 'variableName': "flags_doubleVals", 'varDefVal': [1.1, 2.2], 'varVal': [1.1, 2.2], 'description': "the double-type parameter(s)", 'property': Optional, 'ArgType': DOUBLE_VEC}
{'optionName': "age", 'variableName': "flags_age", 'varDefVal': 18, 'varVal': 18, 'description': "the age of the student", 'property': Optional, 'ArgType': INT}
{'optionName': "help", 'variableName': "null", 'value': "...", 'description': "display the help docs", 'property': Optional, 'ArgType': HELP}

{'optionName': "likes", 'variableName': "flags_likes", 'varDefVal': [eat, sleep], 'varVal': [running, swimming], 'description': "the likes", 'property': Optional, 'ArgType': STRING_VEC}
{'optionName': "name", 'variableName': "flags_name", 'varDefVal': "", 'varVal': "shlChen", 'description': "the name", 'property': Required, 'ArgType': STRING}
{'optionName': "bvs", 'variableName': "flags_boolVals", 'varDefVal': [1, 0], 'varVal': [0, 1, 1, 0, 0, 1], 'description': "the bool-type parameter(s)", 'property': Required, 'ArgType': BOOL_VEC}
{'optionName': "sex", 'variableName': "flags_sex", 'varDefVal': 1, 'varVal': 1, 'description': "the sex(male[1], female[0])", 'property': Required, 'ArgType': BOOL}
{'optionName': "weight", 'variableName': "flags_weight", 'varDefVal': 60, 'varVal': 59.9, 'description': "the weight", 'property': Optional, 'ArgType': DOUBLE}
{'optionName': "fvs", 'variableName': "flags_floatVals", 'varDefVal': [3.14, 2.71, 1.414], 'varVal': [1, 2, 3], 'description': "the float-type parameter(s)", 'property': Optional, 'ArgType': FLOAT_VEC}
{'optionName': "height", 'variableName': "flags_height", 'varDefVal': 174.5, 'varVal': 173.3, 'description': "the height", 'property': Optional, 'ArgType': FLOAT}
{'optionName': "odds", 'variableName': "flags_odds", 'varDefVal': [1, 3], 'varVal': [5, 7, 9], 'description': "the odd number(s)", 'property': Optional, 'ArgType': INT_VEC}
{'optionName': "version", 'variableName': "null", 'value': "1.0.0", 'description': "display the version of this program", 'property': Optional, 'ArgType': VERSION}
{'optionName': "__NOPT__", 'variableName': "flags_note", 'varDefVal': "hello, world", 'varVal': "That's all!", 'description': "a note", 'property': Optional, 'ArgType': STRING}
{'optionName': "dvs", 'variableName': "flags_doubleVals", 'varDefVal': [1.1, 2.2], 'varVal': [2.12, 2.13], 'description': "the double-type parameter(s)", 'property': Optional, 'ArgType': DOUBLE_VEC}
{'optionName': "age", 'variableName': "flags_age", 'varDefVal': 18, 'varVal': 14, 'description': "the age of the student", 'property': Optional, 'ArgType': INT}
{'optionName': "help", 'variableName': "null", 'value': "...", 'description': "display the help docs", 'property': Optional, 'ArgType': HELP}

